Started GET "/" for 127.0.0.1 at 2019-12-03 17:39:33 -0300
  
ActiveRecord::NoDatabaseError (FATAL:  database "iot_security_development" does not exist
):
  
activerecord (6.0.1) lib/active_record/connection_adapters/postgresql_adapter.rb:50:in `rescue in postgresql_connection'
activerecord (6.0.1) lib/active_record/connection_adapters/postgresql_adapter.rb:33:in `postgresql_connection'
activerecord (6.0.1) lib/active_record/connection_adapters/abstract/connection_pool.rb:889:in `new_connection'
activerecord (6.0.1) lib/active_record/connection_adapters/abstract/connection_pool.rb:933:in `checkout_new_connection'
activerecord (6.0.1) lib/active_record/connection_adapters/abstract/connection_pool.rb:912:in `try_to_checkout_new_connection'
activerecord (6.0.1) lib/active_record/connection_adapters/abstract/connection_pool.rb:873:in `acquire_connection'
activerecord (6.0.1) lib/active_record/connection_adapters/abstract/connection_pool.rb:595:in `checkout'
activerecord (6.0.1) lib/active_record/connection_adapters/abstract/connection_pool.rb:439:in `connection'
activerecord (6.0.1) lib/active_record/connection_adapters/abstract/connection_pool.rb:1121:in `retrieve_connection'
activerecord (6.0.1) lib/active_record/connection_handling.rb:238:in `retrieve_connection'
activerecord (6.0.1) lib/active_record/connection_handling.rb:206:in `connection'
activerecord (6.0.1) lib/active_record/migration.rb:562:in `call'
actionpack (6.0.1) lib/action_dispatch/middleware/callbacks.rb:27:in `block in call'
activesupport (6.0.1) lib/active_support/callbacks.rb:101:in `run_callbacks'
actionpack (6.0.1) lib/action_dispatch/middleware/callbacks.rb:26:in `call'
actionpack (6.0.1) lib/action_dispatch/middleware/executor.rb:14:in `call'
actionpack (6.0.1) lib/action_dispatch/middleware/actionable_exceptions.rb:17:in `call'
actionpack (6.0.1) lib/action_dispatch/middleware/debug_exceptions.rb:32:in `call'
web-console (4.0.1) lib/web_console/middleware.rb:132:in `call_app'
web-console (4.0.1) lib/web_console/middleware.rb:28:in `block in call'
web-console (4.0.1) lib/web_console/middleware.rb:17:in `catch'
web-console (4.0.1) lib/web_console/middleware.rb:17:in `call'
actionpack (6.0.1) lib/action_dispatch/middleware/show_exceptions.rb:33:in `call'
railties (6.0.1) lib/rails/rack/logger.rb:38:in `call_app'
railties (6.0.1) lib/rails/rack/logger.rb:26:in `block in call'
activesupport (6.0.1) lib/active_support/tagged_logging.rb:80:in `block in tagged'
activesupport (6.0.1) lib/active_support/tagged_logging.rb:28:in `tagged'
activesupport (6.0.1) lib/active_support/tagged_logging.rb:80:in `tagged'
railties (6.0.1) lib/rails/rack/logger.rb:26:in `call'
sprockets-rails (3.2.1) lib/sprockets/rails/quiet_assets.rb:13:in `call'
actionpack (6.0.1) lib/action_dispatch/middleware/remote_ip.rb:81:in `call'
actionpack (6.0.1) lib/action_dispatch/middleware/request_id.rb:27:in `call'
rack (2.0.7) lib/rack/method_override.rb:22:in `call'
rack (2.0.7) lib/rack/runtime.rb:22:in `call'
activesupport (6.0.1) lib/active_support/cache/strategy/local_cache_middleware.rb:29:in `call'
actionpack (6.0.1) lib/action_dispatch/middleware/executor.rb:14:in `call'
actionpack (6.0.1) lib/action_dispatch/middleware/static.rb:126:in `call'
rack (2.0.7) lib/rack/sendfile.rb:111:in `call'
actionpack (6.0.1) lib/action_dispatch/middleware/host_authorization.rb:83:in `call'
webpacker (4.2.0) lib/webpacker/dev_server_proxy.rb:23:in `perform_request'
rack-proxy (0.6.5) lib/rack/proxy.rb:57:in `call'
railties (6.0.1) lib/rails/engine.rb:526:in `call'
puma (4.3.0) lib/puma/configuration.rb:228:in `call'
puma (4.3.0) lib/puma/server.rb:667:in `handle_request'
puma (4.3.0) lib/puma/server.rb:470:in `process_client'
puma (4.3.0) lib/puma/server.rb:328:in `block in run'
puma (4.3.0) lib/puma/thread_pool.rb:134:in `block in spawn_thread'
  [1m[35m (0.4ms)[0m  [1m[34mSELECT "schema_migrations"."version" FROM "schema_migrations" ORDER BY "schema_migrations"."version" ASC[0m
  [1m[35m (0.2ms)[0m  [1m[34mSELECT "ar_internal_metadata"."value" FROM "ar_internal_metadata" WHERE "ar_internal_metadata"."key" = $1[0m  [["key", "environment"]]
  [1m[35m (0.2ms)[0m  [1m[34mSELECT "schema_migrations"."version" FROM "schema_migrations" ORDER BY "schema_migrations"."version" ASC[0m
  [1m[35m (0.2ms)[0m  [1m[34mSELECT "ar_internal_metadata"."value" FROM "ar_internal_metadata" WHERE "ar_internal_metadata"."key" = $1[0m  [["key", "environment"]]
  [1m[35m (0.2ms)[0m  [1m[34mSELECT "schema_migrations"."version" FROM "schema_migrations" ORDER BY "schema_migrations"."version" ASC[0m
  [1m[35m (0.2ms)[0m  [1m[34mSELECT "ar_internal_metadata"."value" FROM "ar_internal_metadata" WHERE "ar_internal_metadata"."key" = $1[0m  [["key", "environment"]]
  [1m[35m (226.0ms)[0m  [1m[35mDROP DATABASE IF EXISTS "iot_security_development"[0m
  [1m[35m (228.7ms)[0m  [1m[35mDROP DATABASE IF EXISTS "iot_security_test"[0m
  [1m[35m (759.4ms)[0m  [1m[35mCREATE DATABASE "iot_security_development" ENCODING = 'unicode'[0m
  [1m[35m (469.2ms)[0m  [1m[35mCREATE DATABASE "iot_security_test" ENCODING = 'unicode'[0m
  [1m[35mSQL (0.8ms)[0m  [1m[35mCREATE EXTENSION IF NOT EXISTS "plpgsql"[0m
  [1m[35m (0.6ms)[0m  [1m[35mDROP TABLE IF EXISTS "readings" CASCADE[0m
  [1m[35m (60.4ms)[0m  [1m[35mCREATE TABLE "readings" ("id" bigserial primary key, "value" character varying, "created_at" timestamp(6) NOT NULL, "updated_at" timestamp(6) NOT NULL)[0m
  [1m[35m (0.6ms)[0m  [1m[35mDROP TABLE IF EXISTS "settings" CASCADE[0m
  [1m[35m (71.1ms)[0m  [1m[35mCREATE TABLE "settings" ("id" bigserial primary key, "value" character varying, "created_at" timestamp(6) NOT NULL, "updated_at" timestamp(6) NOT NULL)[0m
  [1m[35m (61.6ms)[0m  [1m[35mCREATE TABLE "schema_migrations" ("version" character varying NOT NULL PRIMARY KEY)[0m
  [1m[35m (1.2ms)[0m  [1m[34mSELECT "schema_migrations"."version" FROM "schema_migrations" ORDER BY "schema_migrations"."version" ASC[0m
  [1m[35m (13.6ms)[0m  [1m[32mINSERT INTO "schema_migrations" (version) VALUES (20191204203803)[0m
  [1m[35m (61.6ms)[0m  [1m[35mCREATE TABLE "ar_internal_metadata" ("key" character varying NOT NULL PRIMARY KEY, "value" character varying, "created_at" timestamp(6) NOT NULL, "updated_at" timestamp(6) NOT NULL)[0m
  [1m[36mActiveRecord::InternalMetadata Load (1.0ms)[0m  [1m[34mSELECT "ar_internal_metadata".* FROM "ar_internal_metadata" WHERE "ar_internal_metadata"."key" = $1 LIMIT $2[0m  [["key", "environment"], ["LIMIT", 1]]
  [1m[35m (0.3ms)[0m  [1m[35mBEGIN[0m
  [1m[36mActiveRecord::InternalMetadata Create (0.6ms)[0m  [1m[32mINSERT INTO "ar_internal_metadata" ("key", "value", "created_at", "updated_at") VALUES ($1, $2, $3, $4) RETURNING "key"[0m  [["key", "environment"], ["value", "development"], ["created_at", "2019-12-04 20:54:24.847626"], ["updated_at", "2019-12-04 20:54:24.847626"]]
  [1m[35m (12.9ms)[0m  [1m[35mCOMMIT[0m
  [1m[36mActiveRecord::InternalMetadata Load (0.3ms)[0m  [1m[34mSELECT "ar_internal_metadata".* FROM "ar_internal_metadata" WHERE "ar_internal_metadata"."key" = $1 LIMIT $2[0m  [["key", "environment"], ["LIMIT", 1]]
  [1m[36mActiveRecord::InternalMetadata Load (0.3ms)[0m  [1m[34mSELECT "ar_internal_metadata".* FROM "ar_internal_metadata" WHERE "ar_internal_metadata"."key" = $1 LIMIT $2[0m  [["key", "schema_sha1"], ["LIMIT", 1]]
  [1m[35m (0.2ms)[0m  [1m[35mBEGIN[0m
  [1m[36mActiveRecord::InternalMetadata Create (0.3ms)[0m  [1m[32mINSERT INTO "ar_internal_metadata" ("key", "value", "created_at", "updated_at") VALUES ($1, $2, $3, $4) RETURNING "key"[0m  [["key", "schema_sha1"], ["value", "7bb1a45ce0293444a0ab739d4451017170bffd64"], ["created_at", "2019-12-04 20:54:24.877966"], ["updated_at", "2019-12-04 20:54:24.877966"]]
  [1m[35m (8.1ms)[0m  [1m[35mCOMMIT[0m
  [1m[35mSQL (0.3ms)[0m  [1m[35mCREATE EXTENSION IF NOT EXISTS "plpgsql"[0m
  [1m[35m (0.2ms)[0m  [1m[35mDROP TABLE IF EXISTS "readings" CASCADE[0m
  [1m[35m (56.8ms)[0m  [1m[35mCREATE TABLE "readings" ("id" bigserial primary key, "value" character varying, "created_at" timestamp(6) NOT NULL, "updated_at" timestamp(6) NOT NULL)[0m
  [1m[35m (0.7ms)[0m  [1m[35mDROP TABLE IF EXISTS "settings" CASCADE[0m
  [1m[35m (64.8ms)[0m  [1m[35mCREATE TABLE "settings" ("id" bigserial primary key, "value" character varying, "created_at" timestamp(6) NOT NULL, "updated_at" timestamp(6) NOT NULL)[0m
  [1m[35m (150.5ms)[0m  [1m[35mCREATE TABLE "schema_migrations" ("version" character varying NOT NULL PRIMARY KEY)[0m
  [1m[35m (1.2ms)[0m  [1m[34mSELECT "schema_migrations"."version" FROM "schema_migrations" ORDER BY "schema_migrations"."version" ASC[0m
  [1m[35m (6.8ms)[0m  [1m[32mINSERT INTO "schema_migrations" (version) VALUES (20191204203803)[0m
  [1m[35m (54.6ms)[0m  [1m[35mCREATE TABLE "ar_internal_metadata" ("key" character varying NOT NULL PRIMARY KEY, "value" character varying, "created_at" timestamp(6) NOT NULL, "updated_at" timestamp(6) NOT NULL)[0m
  [1m[36mActiveRecord::InternalMetadata Load (1.1ms)[0m  [1m[34mSELECT "ar_internal_metadata".* FROM "ar_internal_metadata" WHERE "ar_internal_metadata"."key" = $1 LIMIT $2[0m  [["key", "environment"], ["LIMIT", 1]]
  [1m[35m (0.4ms)[0m  [1m[35mBEGIN[0m
  [1m[36mActiveRecord::InternalMetadata Create (1.1ms)[0m  [1m[32mINSERT INTO "ar_internal_metadata" ("key", "value", "created_at", "updated_at") VALUES ($1, $2, $3, $4) RETURNING "key"[0m  [["key", "environment"], ["value", "development"], ["created_at", "2019-12-04 20:54:25.309940"], ["updated_at", "2019-12-04 20:54:25.309940"]]
  [1m[35m (2.7ms)[0m  [1m[35mCOMMIT[0m
  [1m[36mActiveRecord::InternalMetadata Load (0.7ms)[0m  [1m[34mSELECT "ar_internal_metadata".* FROM "ar_internal_metadata" WHERE "ar_internal_metadata"."key" = $1 LIMIT $2[0m  [["key", "environment"], ["LIMIT", 1]]
  [1m[35m (0.4ms)[0m  [1m[35mBEGIN[0m
  [1m[36mActiveRecord::InternalMetadata Update (0.8ms)[0m  [1m[33mUPDATE "ar_internal_metadata" SET "value" = $1, "updated_at" = $2 WHERE "ar_internal_metadata"."key" = $3[0m  [["value", "test"], ["updated_at", "2019-12-04 20:54:25.330722"], ["key", "environment"]]
  [1m[35m (5.1ms)[0m  [1m[35mCOMMIT[0m
  [1m[36mActiveRecord::InternalMetadata Load (0.8ms)[0m  [1m[34mSELECT "ar_internal_metadata".* FROM "ar_internal_metadata" WHERE "ar_internal_metadata"."key" = $1 LIMIT $2[0m  [["key", "schema_sha1"], ["LIMIT", 1]]
  [1m[35m (0.4ms)[0m  [1m[35mBEGIN[0m
  [1m[36mActiveRecord::InternalMetadata Create (0.6ms)[0m  [1m[32mINSERT INTO "ar_internal_metadata" ("key", "value", "created_at", "updated_at") VALUES ($1, $2, $3, $4) RETURNING "key"[0m  [["key", "schema_sha1"], ["value", "7bb1a45ce0293444a0ab739d4451017170bffd64"], ["created_at", "2019-12-04 20:54:25.352039"], ["updated_at", "2019-12-04 20:54:25.352039"]]
  [1m[35m (7.6ms)[0m  [1m[35mCOMMIT[0m
  [1m[35m (0.7ms)[0m  [1m[34mSELECT "schema_migrations"."version" FROM "schema_migrations" ORDER BY "schema_migrations"."version" ASC[0m
  [1m[35m (0.3ms)[0m  [1m[34mSELECT pg_try_advisory_lock(8370483295610328270)[0m
  [1m[35m (0.8ms)[0m  [1m[34mSELECT "schema_migrations"."version" FROM "schema_migrations" ORDER BY "schema_migrations"."version" ASC[0m
  [1m[36mActiveRecord::InternalMetadata Load (0.5ms)[0m  [1m[34mSELECT "ar_internal_metadata".* FROM "ar_internal_metadata" WHERE "ar_internal_metadata"."key" = $1 LIMIT $2[0m  [["key", "environment"], ["LIMIT", 1]]
  [1m[35m (0.3ms)[0m  [1m[34mSELECT pg_advisory_unlock(8370483295610328270)[0m
  [1m[35m (0.7ms)[0m  [1m[34mSELECT "schema_migrations"."version" FROM "schema_migrations" ORDER BY "schema_migrations"."version" ASC[0m
  [1m[35m (0.5ms)[0m  [1m[34mSELECT "schema_migrations"."version" FROM "schema_migrations" ORDER BY "schema_migrations"."version" ASC[0m
  [1m[35m (0.2ms)[0m  [1m[34mSELECT pg_try_advisory_lock(8370483295610328270)[0m
  [1m[35m (0.5ms)[0m  [1m[34mSELECT "schema_migrations"."version" FROM "schema_migrations" ORDER BY "schema_migrations"."version" ASC[0m
Migrating to CreateReadings (20191204205727)
  [1m[35m (0.2ms)[0m  [1m[35mBEGIN[0m
  [1m[35m (1.3ms)[0m  [1m[35mCREATE TABLE "readings" ("id" bigserial primary key, "value" character varying, "created_at" timestamp(6) NOT NULL, "updated_at" timestamp(6) NOT NULL)[0m
  [1m[35m (0.2ms)[0m  [1m[31mROLLBACK[0m
  [1m[35m (0.2ms)[0m  [1m[34mSELECT pg_advisory_unlock(8370483295610328270)[0m
  [1m[35m (0.4ms)[0m  [1m[34mSELECT "schema_migrations"."version" FROM "schema_migrations" ORDER BY "schema_migrations"."version" ASC[0m
  [1m[35m (0.3ms)[0m  [1m[34mSELECT "ar_internal_metadata"."value" FROM "ar_internal_metadata" WHERE "ar_internal_metadata"."key" = $1[0m  [["key", "environment"]]
  [1m[35m (0.2ms)[0m  [1m[34mSELECT "schema_migrations"."version" FROM "schema_migrations" ORDER BY "schema_migrations"."version" ASC[0m
  [1m[35m (0.2ms)[0m  [1m[34mSELECT "ar_internal_metadata"."value" FROM "ar_internal_metadata" WHERE "ar_internal_metadata"."key" = $1[0m  [["key", "environment"]]
  [1m[35m (0.2ms)[0m  [1m[34mSELECT "schema_migrations"."version" FROM "schema_migrations" ORDER BY "schema_migrations"."version" ASC[0m
  [1m[35m (0.2ms)[0m  [1m[34mSELECT "ar_internal_metadata"."value" FROM "ar_internal_metadata" WHERE "ar_internal_metadata"."key" = $1[0m  [["key", "environment"]]
  [1m[35m (322.1ms)[0m  [1m[35mDROP DATABASE IF EXISTS "iot_security_development"[0m
  [1m[35m (230.4ms)[0m  [1m[35mDROP DATABASE IF EXISTS "iot_security_test"[0m
  [1m[35m (682.2ms)[0m  [1m[35mCREATE DATABASE "iot_security_development" ENCODING = 'unicode'[0m
  [1m[35m (483.3ms)[0m  [1m[35mCREATE DATABASE "iot_security_test" ENCODING = 'unicode'[0m
  [1m[35mSQL (0.5ms)[0m  [1m[35mCREATE EXTENSION IF NOT EXISTS "plpgsql"[0m
  [1m[35m (0.4ms)[0m  [1m[35mDROP TABLE IF EXISTS "readings" CASCADE[0m
  [1m[35m (63.1ms)[0m  [1m[35mCREATE TABLE "readings" ("id" bigserial primary key, "value" character varying, "created_at" timestamp(6) NOT NULL, "updated_at" timestamp(6) NOT NULL)[0m
  [1m[35m (0.6ms)[0m  [1m[35mDROP TABLE IF EXISTS "settings" CASCADE[0m
  [1m[35m (60.6ms)[0m  [1m[35mCREATE TABLE "settings" ("id" bigserial primary key, "value" character varying, "created_at" timestamp(6) NOT NULL, "updated_at" timestamp(6) NOT NULL)[0m
  [1m[35m (61.6ms)[0m  [1m[35mCREATE TABLE "schema_migrations" ("version" character varying NOT NULL PRIMARY KEY)[0m
  [1m[35m (1.3ms)[0m  [1m[34mSELECT "schema_migrations"."version" FROM "schema_migrations" ORDER BY "schema_migrations"."version" ASC[0m
  [1m[35m (12.7ms)[0m  [1m[32mINSERT INTO "schema_migrations" (version) VALUES (20191204203803)[0m
  [1m[35m (150.3ms)[0m  [1m[35mCREATE TABLE "ar_internal_metadata" ("key" character varying NOT NULL PRIMARY KEY, "value" character varying, "created_at" timestamp(6) NOT NULL, "updated_at" timestamp(6) NOT NULL)[0m
  [1m[36mActiveRecord::InternalMetadata Load (1.0ms)[0m  [1m[34mSELECT "ar_internal_metadata".* FROM "ar_internal_metadata" WHERE "ar_internal_metadata"."key" = $1 LIMIT $2[0m  [["key", "environment"], ["LIMIT", 1]]
  [1m[35m (0.3ms)[0m  [1m[35mBEGIN[0m
  [1m[36mActiveRecord::InternalMetadata Create (0.6ms)[0m  [1m[32mINSERT INTO "ar_internal_metadata" ("key", "value", "created_at", "updated_at") VALUES ($1, $2, $3, $4) RETURNING "key"[0m  [["key", "environment"], ["value", "development"], ["created_at", "2019-12-04 21:01:37.068359"], ["updated_at", "2019-12-04 21:01:37.068359"]]
  [1m[35m (12.7ms)[0m  [1m[35mCOMMIT[0m
  [1m[36mActiveRecord::InternalMetadata Load (0.3ms)[0m  [1m[34mSELECT "ar_internal_metadata".* FROM "ar_internal_metadata" WHERE "ar_internal_metadata"."key" = $1 LIMIT $2[0m  [["key", "environment"], ["LIMIT", 1]]
  [1m[36mActiveRecord::InternalMetadata Load (0.2ms)[0m  [1m[34mSELECT "ar_internal_metadata".* FROM "ar_internal_metadata" WHERE "ar_internal_metadata"."key" = $1 LIMIT $2[0m  [["key", "schema_sha1"], ["LIMIT", 1]]
  [1m[35m (0.2ms)[0m  [1m[35mBEGIN[0m
  [1m[36mActiveRecord::InternalMetadata Create (0.3ms)[0m  [1m[32mINSERT INTO "ar_internal_metadata" ("key", "value", "created_at", "updated_at") VALUES ($1, $2, $3, $4) RETURNING "key"[0m  [["key", "schema_sha1"], ["value", "7bb1a45ce0293444a0ab739d4451017170bffd64"], ["created_at", "2019-12-04 21:01:37.098239"], ["updated_at", "2019-12-04 21:01:37.098239"]]
  [1m[35m (8.0ms)[0m  [1m[35mCOMMIT[0m
  [1m[35mSQL (0.3ms)[0m  [1m[35mCREATE EXTENSION IF NOT EXISTS "plpgsql"[0m
  [1m[35m (0.2ms)[0m  [1m[35mDROP TABLE IF EXISTS "readings" CASCADE[0m
  [1m[35m (59.2ms)[0m  [1m[35mCREATE TABLE "readings" ("id" bigserial primary key, "value" character varying, "created_at" timestamp(6) NOT NULL, "updated_at" timestamp(6) NOT NULL)[0m
  [1m[35m (0.6ms)[0m  [1m[35mDROP TABLE IF EXISTS "settings" CASCADE[0m
  [1m[35m (57.2ms)[0m  [1m[35mCREATE TABLE "settings" ("id" bigserial primary key, "value" character varying, "created_at" timestamp(6) NOT NULL, "updated_at" timestamp(6) NOT NULL)[0m
  [1m[35m (51.3ms)[0m  [1m[35mCREATE TABLE "schema_migrations" ("version" character varying NOT NULL PRIMARY KEY)[0m
  [1m[35m (1.2ms)[0m  [1m[34mSELECT "schema_migrations"."version" FROM "schema_migrations" ORDER BY "schema_migrations"."version" ASC[0m
  [1m[35m (5.7ms)[0m  [1m[32mINSERT INTO "schema_migrations" (version) VALUES (20191204203803)[0m
  [1m[35m (52.5ms)[0m  [1m[35mCREATE TABLE "ar_internal_metadata" ("key" character varying NOT NULL PRIMARY KEY, "value" character varying, "created_at" timestamp(6) NOT NULL, "updated_at" timestamp(6) NOT NULL)[0m
  [1m[36mActiveRecord::InternalMetadata Load (0.8ms)[0m  [1m[34mSELECT "ar_internal_metadata".* FROM "ar_internal_metadata" WHERE "ar_internal_metadata"."key" = $1 LIMIT $2[0m  [["key", "environment"], ["LIMIT", 1]]
  [1m[35m (0.4ms)[0m  [1m[35mBEGIN[0m
  [1m[36mActiveRecord::InternalMetadata Create (1.1ms)[0m  [1m[32mINSERT INTO "ar_internal_metadata" ("key", "value", "created_at", "updated_at") VALUES ($1, $2, $3, $4) RETURNING "key"[0m  [["key", "environment"], ["value", "development"], ["created_at", "2019-12-04 21:01:37.418125"], ["updated_at", "2019-12-04 21:01:37.418125"]]
  [1m[35m (4.3ms)[0m  [1m[35mCOMMIT[0m
  [1m[36mActiveRecord::InternalMetadata Load (0.8ms)[0m  [1m[34mSELECT "ar_internal_metadata".* FROM "ar_internal_metadata" WHERE "ar_internal_metadata"."key" = $1 LIMIT $2[0m  [["key", "environment"], ["LIMIT", 1]]
  [1m[35m (0.4ms)[0m  [1m[35mBEGIN[0m
  [1m[36mActiveRecord::InternalMetadata Update (0.8ms)[0m  [1m[33mUPDATE "ar_internal_metadata" SET "value" = $1, "updated_at" = $2 WHERE "ar_internal_metadata"."key" = $3[0m  [["value", "test"], ["updated_at", "2019-12-04 21:01:37.441268"], ["key", "environment"]]
  [1m[35m (5.0ms)[0m  [1m[35mCOMMIT[0m
  [1m[36mActiveRecord::InternalMetadata Load (0.4ms)[0m  [1m[34mSELECT "ar_internal_metadata".* FROM "ar_internal_metadata" WHERE "ar_internal_metadata"."key" = $1 LIMIT $2[0m  [["key", "schema_sha1"], ["LIMIT", 1]]
  [1m[35m (0.1ms)[0m  [1m[35mBEGIN[0m
  [1m[36mActiveRecord::InternalMetadata Create (0.3ms)[0m  [1m[32mINSERT INTO "ar_internal_metadata" ("key", "value", "created_at", "updated_at") VALUES ($1, $2, $3, $4) RETURNING "key"[0m  [["key", "schema_sha1"], ["value", "7bb1a45ce0293444a0ab739d4451017170bffd64"], ["created_at", "2019-12-04 21:01:37.458118"], ["updated_at", "2019-12-04 21:01:37.458118"]]
  [1m[35m (2.9ms)[0m  [1m[35mCOMMIT[0m
  [1m[35m (0.5ms)[0m  [1m[34mSELECT "schema_migrations"."version" FROM "schema_migrations" ORDER BY "schema_migrations"."version" ASC[0m
  [1m[35m (0.1ms)[0m  [1m[34mSELECT pg_try_advisory_lock(8370483295610328270)[0m
  [1m[35m (0.4ms)[0m  [1m[34mSELECT "schema_migrations"."version" FROM "schema_migrations" ORDER BY "schema_migrations"."version" ASC[0m
Migrating to CreateFromArduinos (20191204210031)
  [1m[35m (0.1ms)[0m  [1m[35mBEGIN[0m
  [1m[35m (50.0ms)[0m  [1m[35mCREATE TABLE "from_arduinos" ("id" bigserial primary key, "value" character varying, "created_at" timestamp(6) NOT NULL, "updated_at" timestamp(6) NOT NULL)[0m
  [1m[36mprimary::SchemaMigration Create (0.9ms)[0m  [1m[32mINSERT INTO "schema_migrations" ("version") VALUES ($1) RETURNING "version"[0m  [["version", "20191204210031"]]
  [1m[35m (7.6ms)[0m  [1m[35mCOMMIT[0m
Migrating to CreateToArduinos (20191204210042)
  [1m[35m (0.3ms)[0m  [1m[35mBEGIN[0m
  [1m[35m (40.5ms)[0m  [1m[35mCREATE TABLE "to_arduinos" ("id" bigserial primary key, "value" character varying, "created_at" timestamp(6) NOT NULL, "updated_at" timestamp(6) NOT NULL)[0m
  [1m[36mprimary::SchemaMigration Create (0.7ms)[0m  [1m[32mINSERT INTO "schema_migrations" ("version") VALUES ($1) RETURNING "version"[0m  [["version", "20191204210042"]]
  [1m[35m (3.9ms)[0m  [1m[35mCOMMIT[0m
  [1m[36mActiveRecord::InternalMetadata Load (1.0ms)[0m  [1m[34mSELECT "ar_internal_metadata".* FROM "ar_internal_metadata" WHERE "ar_internal_metadata"."key" = $1 LIMIT $2[0m  [["key", "environment"], ["LIMIT", 1]]
  [1m[35m (0.7ms)[0m  [1m[34mSELECT pg_advisory_unlock(8370483295610328270)[0m
  [1m[35m (0.8ms)[0m  [1m[34mSELECT "schema_migrations"."version" FROM "schema_migrations" ORDER BY "schema_migrations"."version" ASC[0m
Started GET "/settings" for 127.0.0.1 at 2019-12-04 18:02:17 -0300
  [1m[35m (0.5ms)[0m  [1m[34mSELECT "schema_migrations"."version" FROM "schema_migrations" ORDER BY "schema_migrations"."version" ASC[0m
  
ActionController::RoutingError (No route matches [GET] "/settings"):
  
actionpack (6.0.1) lib/action_dispatch/middleware/debug_exceptions.rb:36:in `call'
web-console (4.0.1) lib/web_console/middleware.rb:132:in `call_app'
web-console (4.0.1) lib/web_console/middleware.rb:28:in `block in call'
web-console (4.0.1) lib/web_console/middleware.rb:17:in `catch'
web-console (4.0.1) lib/web_console/middleware.rb:17:in `call'
actionpack (6.0.1) lib/action_dispatch/middleware/show_exceptions.rb:33:in `call'
railties (6.0.1) lib/rails/rack/logger.rb:38:in `call_app'
railties (6.0.1) lib/rails/rack/logger.rb:26:in `block in call'
activesupport (6.0.1) lib/active_support/tagged_logging.rb:80:in `block in tagged'
activesupport (6.0.1) lib/active_support/tagged_logging.rb:28:in `tagged'
activesupport (6.0.1) lib/active_support/tagged_logging.rb:80:in `tagged'
railties (6.0.1) lib/rails/rack/logger.rb:26:in `call'
sprockets-rails (3.2.1) lib/sprockets/rails/quiet_assets.rb:13:in `call'
actionpack (6.0.1) lib/action_dispatch/middleware/remote_ip.rb:81:in `call'
actionpack (6.0.1) lib/action_dispatch/middleware/request_id.rb:27:in `call'
rack (2.0.7) lib/rack/method_override.rb:22:in `call'
rack (2.0.7) lib/rack/runtime.rb:22:in `call'
activesupport (6.0.1) lib/active_support/cache/strategy/local_cache_middleware.rb:29:in `call'
actionpack (6.0.1) lib/action_dispatch/middleware/executor.rb:14:in `call'
actionpack (6.0.1) lib/action_dispatch/middleware/static.rb:126:in `call'
rack (2.0.7) lib/rack/sendfile.rb:111:in `call'
actionpack (6.0.1) lib/action_dispatch/middleware/host_authorization.rb:83:in `call'
webpacker (4.2.0) lib/webpacker/dev_server_proxy.rb:23:in `perform_request'
rack-proxy (0.6.5) lib/rack/proxy.rb:57:in `call'
railties (6.0.1) lib/rails/engine.rb:526:in `call'
puma (4.3.0) lib/puma/configuration.rb:228:in `call'
puma (4.3.0) lib/puma/server.rb:667:in `handle_request'
puma (4.3.0) lib/puma/server.rb:470:in `process_client'
puma (4.3.0) lib/puma/server.rb:328:in `block in run'
puma (4.3.0) lib/puma/thread_pool.rb:134:in `block in spawn_thread'
Started GET "/settings" for 127.0.0.1 at 2019-12-04 18:02:19 -0300
  
ActionController::RoutingError (No route matches [GET] "/settings"):
  
actionpack (6.0.1) lib/action_dispatch/middleware/debug_exceptions.rb:36:in `call'
web-console (4.0.1) lib/web_console/middleware.rb:132:in `call_app'
web-console (4.0.1) lib/web_console/middleware.rb:28:in `block in call'
web-console (4.0.1) lib/web_console/middleware.rb:17:in `catch'
web-console (4.0.1) lib/web_console/middleware.rb:17:in `call'
actionpack (6.0.1) lib/action_dispatch/middleware/show_exceptions.rb:33:in `call'
railties (6.0.1) lib/rails/rack/logger.rb:38:in `call_app'
railties (6.0.1) lib/rails/rack/logger.rb:26:in `block in call'
activesupport (6.0.1) lib/active_support/tagged_logging.rb:80:in `block in tagged'
activesupport (6.0.1) lib/active_support/tagged_logging.rb:28:in `tagged'
activesupport (6.0.1) lib/active_support/tagged_logging.rb:80:in `tagged'
railties (6.0.1) lib/rails/rack/logger.rb:26:in `call'
sprockets-rails (3.2.1) lib/sprockets/rails/quiet_assets.rb:13:in `call'
actionpack (6.0.1) lib/action_dispatch/middleware/remote_ip.rb:81:in `call'
actionpack (6.0.1) lib/action_dispatch/middleware/request_id.rb:27:in `call'
rack (2.0.7) lib/rack/method_override.rb:22:in `call'
rack (2.0.7) lib/rack/runtime.rb:22:in `call'
activesupport (6.0.1) lib/active_support/cache/strategy/local_cache_middleware.rb:29:in `call'
actionpack (6.0.1) lib/action_dispatch/middleware/executor.rb:14:in `call'
actionpack (6.0.1) lib/action_dispatch/middleware/static.rb:126:in `call'
rack (2.0.7) lib/rack/sendfile.rb:111:in `call'
actionpack (6.0.1) lib/action_dispatch/middleware/host_authorization.rb:83:in `call'
webpacker (4.2.0) lib/webpacker/dev_server_proxy.rb:23:in `perform_request'
rack-proxy (0.6.5) lib/rack/proxy.rb:57:in `call'
railties (6.0.1) lib/rails/engine.rb:526:in `call'
puma (4.3.0) lib/puma/configuration.rb:228:in `call'
puma (4.3.0) lib/puma/server.rb:667:in `handle_request'
puma (4.3.0) lib/puma/server.rb:470:in `process_client'
puma (4.3.0) lib/puma/server.rb:328:in `block in run'
puma (4.3.0) lib/puma/thread_pool.rb:134:in `block in spawn_thread'
Started GET "/readings" for 127.0.0.1 at 2019-12-04 18:02:24 -0300
  
ActionController::RoutingError (No route matches [GET] "/readings"):
  
actionpack (6.0.1) lib/action_dispatch/middleware/debug_exceptions.rb:36:in `call'
web-console (4.0.1) lib/web_console/middleware.rb:132:in `call_app'
web-console (4.0.1) lib/web_console/middleware.rb:28:in `block in call'
web-console (4.0.1) lib/web_console/middleware.rb:17:in `catch'
web-console (4.0.1) lib/web_console/middleware.rb:17:in `call'
actionpack (6.0.1) lib/action_dispatch/middleware/show_exceptions.rb:33:in `call'
railties (6.0.1) lib/rails/rack/logger.rb:38:in `call_app'
railties (6.0.1) lib/rails/rack/logger.rb:26:in `block in call'
activesupport (6.0.1) lib/active_support/tagged_logging.rb:80:in `block in tagged'
activesupport (6.0.1) lib/active_support/tagged_logging.rb:28:in `tagged'
activesupport (6.0.1) lib/active_support/tagged_logging.rb:80:in `tagged'
railties (6.0.1) lib/rails/rack/logger.rb:26:in `call'
sprockets-rails (3.2.1) lib/sprockets/rails/quiet_assets.rb:13:in `call'
actionpack (6.0.1) lib/action_dispatch/middleware/remote_ip.rb:81:in `call'
actionpack (6.0.1) lib/action_dispatch/middleware/request_id.rb:27:in `call'
rack (2.0.7) lib/rack/method_override.rb:22:in `call'
rack (2.0.7) lib/rack/runtime.rb:22:in `call'
activesupport (6.0.1) lib/active_support/cache/strategy/local_cache_middleware.rb:29:in `call'
actionpack (6.0.1) lib/action_dispatch/middleware/executor.rb:14:in `call'
actionpack (6.0.1) lib/action_dispatch/middleware/static.rb:126:in `call'
rack (2.0.7) lib/rack/sendfile.rb:111:in `call'
actionpack (6.0.1) lib/action_dispatch/middleware/host_authorization.rb:83:in `call'
webpacker (4.2.0) lib/webpacker/dev_server_proxy.rb:23:in `perform_request'
rack-proxy (0.6.5) lib/rack/proxy.rb:57:in `call'
railties (6.0.1) lib/rails/engine.rb:526:in `call'
puma (4.3.0) lib/puma/configuration.rb:228:in `call'
puma (4.3.0) lib/puma/server.rb:667:in `handle_request'
puma (4.3.0) lib/puma/server.rb:470:in `process_client'
puma (4.3.0) lib/puma/server.rb:328:in `block in run'
puma (4.3.0) lib/puma/thread_pool.rb:134:in `block in spawn_thread'
Started GET "/to_arduinos" for 127.0.0.1 at 2019-12-04 18:02:30 -0300
Processing by ToArduinosController#index as HTML
  Rendering to_arduinos/index.html.erb within layouts/application
  [1m[36mToArduino Load (0.7ms)[0m  [1m[34mSELECT "to_arduinos".* FROM "to_arduinos"[0m
  ↳ app/views/to_arduinos/index.html.erb:14
  Rendered to_arduinos/index.html.erb within layouts/application (Duration: 5.7ms | Allocations: 1349)
[Webpacker] Everything's up-to-date. Nothing to do
Completed 200 OK in 59ms (Views: 55.0ms | ActiveRecord: 2.3ms | Allocations: 25664)


Started GET "/from_arduinos" for 127.0.0.1 at 2019-12-04 18:02:34 -0300
Processing by FromArduinosController#index as HTML
  Rendering from_arduinos/index.html.erb within layouts/application
  [1m[36mFromArduino Load (0.6ms)[0m  [1m[34mSELECT "from_arduinos".* FROM "from_arduinos"[0m
  ↳ app/views/from_arduinos/index.html.erb:14
  Rendered from_arduinos/index.html.erb within layouts/application (Duration: 5.1ms | Allocations: 1187)
[Webpacker] Everything's up-to-date. Nothing to do
Completed 200 OK in 14ms (Views: 9.1ms | ActiveRecord: 2.6ms | Allocations: 5870)


Started GET "/" for 127.0.0.1 at 2019-12-04 18:03:54 -0300
  
ActionController::RoutingError (uninitialized constant ReadingsController):
  
activesupport (6.0.1) lib/active_support/inflector/methods.rb:282:in `const_get'
activesupport (6.0.1) lib/active_support/inflector/methods.rb:282:in `block in constantize'
activesupport (6.0.1) lib/active_support/inflector/methods.rb:280:in `each'
activesupport (6.0.1) lib/active_support/inflector/methods.rb:280:in `inject'
activesupport (6.0.1) lib/active_support/inflector/methods.rb:280:in `constantize'
activesupport (6.0.1) lib/active_support/dependencies/zeitwerk_integration.rb:19:in `constantize'
actionpack (6.0.1) lib/action_dispatch/http/request.rb:88:in `controller_class_for'
actionpack (6.0.1) lib/action_dispatch/http/request.rb:81:in `controller_class'
actionpack (6.0.1) lib/action_dispatch/routing/route_set.rb:45:in `controller'
actionpack (6.0.1) lib/action_dispatch/routing/route_set.rb:31:in `serve'
actionpack (6.0.1) lib/action_dispatch/journey/router.rb:49:in `block in serve'
actionpack (6.0.1) lib/action_dispatch/journey/router.rb:32:in `each'
actionpack (6.0.1) lib/action_dispatch/journey/router.rb:32:in `serve'
actionpack (6.0.1) lib/action_dispatch/routing/route_set.rb:837:in `call'
rack (2.0.7) lib/rack/tempfile_reaper.rb:15:in `call'
rack (2.0.7) lib/rack/etag.rb:25:in `call'
rack (2.0.7) lib/rack/conditional_get.rb:25:in `call'
rack (2.0.7) lib/rack/head.rb:12:in `call'
actionpack (6.0.1) lib/action_dispatch/http/content_security_policy.rb:18:in `call'
rack (2.0.7) lib/rack/session/abstract/id.rb:232:in `context'
rack (2.0.7) lib/rack/session/abstract/id.rb:226:in `call'
actionpack (6.0.1) lib/action_dispatch/middleware/cookies.rb:648:in `call'
activerecord (6.0.1) lib/active_record/migration.rb:567:in `call'
actionpack (6.0.1) lib/action_dispatch/middleware/callbacks.rb:27:in `block in call'
activesupport (6.0.1) lib/active_support/callbacks.rb:101:in `run_callbacks'
actionpack (6.0.1) lib/action_dispatch/middleware/callbacks.rb:26:in `call'
actionpack (6.0.1) lib/action_dispatch/middleware/executor.rb:14:in `call'
actionpack (6.0.1) lib/action_dispatch/middleware/actionable_exceptions.rb:17:in `call'
actionpack (6.0.1) lib/action_dispatch/middleware/debug_exceptions.rb:32:in `call'
web-console (4.0.1) lib/web_console/middleware.rb:132:in `call_app'
web-console (4.0.1) lib/web_console/middleware.rb:28:in `block in call'
web-console (4.0.1) lib/web_console/middleware.rb:17:in `catch'
web-console (4.0.1) lib/web_console/middleware.rb:17:in `call'
actionpack (6.0.1) lib/action_dispatch/middleware/show_exceptions.rb:33:in `call'
railties (6.0.1) lib/rails/rack/logger.rb:38:in `call_app'
railties (6.0.1) lib/rails/rack/logger.rb:26:in `block in call'
activesupport (6.0.1) lib/active_support/tagged_logging.rb:80:in `block in tagged'
activesupport (6.0.1) lib/active_support/tagged_logging.rb:28:in `tagged'
activesupport (6.0.1) lib/active_support/tagged_logging.rb:80:in `tagged'
railties (6.0.1) lib/rails/rack/logger.rb:26:in `call'
sprockets-rails (3.2.1) lib/sprockets/rails/quiet_assets.rb:13:in `call'
actionpack (6.0.1) lib/action_dispatch/middleware/remote_ip.rb:81:in `call'
actionpack (6.0.1) lib/action_dispatch/middleware/request_id.rb:27:in `call'
rack (2.0.7) lib/rack/method_override.rb:22:in `call'
rack (2.0.7) lib/rack/runtime.rb:22:in `call'
activesupport (6.0.1) lib/active_support/cache/strategy/local_cache_middleware.rb:29:in `call'
actionpack (6.0.1) lib/action_dispatch/middleware/executor.rb:14:in `call'
actionpack (6.0.1) lib/action_dispatch/middleware/static.rb:126:in `call'
rack (2.0.7) lib/rack/sendfile.rb:111:in `call'
actionpack (6.0.1) lib/action_dispatch/middleware/host_authorization.rb:83:in `call'
webpacker (4.2.0) lib/webpacker/dev_server_proxy.rb:23:in `perform_request'
rack-proxy (0.6.5) lib/rack/proxy.rb:57:in `call'
railties (6.0.1) lib/rails/engine.rb:526:in `call'
puma (4.3.0) lib/puma/configuration.rb:228:in `call'
puma (4.3.0) lib/puma/server.rb:667:in `handle_request'
puma (4.3.0) lib/puma/server.rb:470:in `process_client'
puma (4.3.0) lib/puma/server.rb:328:in `block in run'
puma (4.3.0) lib/puma/thread_pool.rb:134:in `block in spawn_thread'
Started GET "/readings" for 127.0.0.1 at 2019-12-04 18:04:34 -0300
  
ActionController::RoutingError (No route matches [GET] "/readings"):
  
actionpack (6.0.1) lib/action_dispatch/middleware/debug_exceptions.rb:36:in `call'
web-console (4.0.1) lib/web_console/middleware.rb:132:in `call_app'
web-console (4.0.1) lib/web_console/middleware.rb:28:in `block in call'
web-console (4.0.1) lib/web_console/middleware.rb:17:in `catch'
web-console (4.0.1) lib/web_console/middleware.rb:17:in `call'
actionpack (6.0.1) lib/action_dispatch/middleware/show_exceptions.rb:33:in `call'
railties (6.0.1) lib/rails/rack/logger.rb:38:in `call_app'
railties (6.0.1) lib/rails/rack/logger.rb:26:in `block in call'
activesupport (6.0.1) lib/active_support/tagged_logging.rb:80:in `block in tagged'
activesupport (6.0.1) lib/active_support/tagged_logging.rb:28:in `tagged'
activesupport (6.0.1) lib/active_support/tagged_logging.rb:80:in `tagged'
railties (6.0.1) lib/rails/rack/logger.rb:26:in `call'
sprockets-rails (3.2.1) lib/sprockets/rails/quiet_assets.rb:13:in `call'
actionpack (6.0.1) lib/action_dispatch/middleware/remote_ip.rb:81:in `call'
actionpack (6.0.1) lib/action_dispatch/middleware/request_id.rb:27:in `call'
rack (2.0.7) lib/rack/method_override.rb:22:in `call'
rack (2.0.7) lib/rack/runtime.rb:22:in `call'
activesupport (6.0.1) lib/active_support/cache/strategy/local_cache_middleware.rb:29:in `call'
actionpack (6.0.1) lib/action_dispatch/middleware/executor.rb:14:in `call'
actionpack (6.0.1) lib/action_dispatch/middleware/static.rb:126:in `call'
rack (2.0.7) lib/rack/sendfile.rb:111:in `call'
actionpack (6.0.1) lib/action_dispatch/middleware/host_authorization.rb:83:in `call'
webpacker (4.2.0) lib/webpacker/dev_server_proxy.rb:23:in `perform_request'
rack-proxy (0.6.5) lib/rack/proxy.rb:57:in `call'
railties (6.0.1) lib/rails/engine.rb:526:in `call'
puma (4.3.0) lib/puma/configuration.rb:228:in `call'
puma (4.3.0) lib/puma/server.rb:667:in `handle_request'
puma (4.3.0) lib/puma/server.rb:470:in `process_client'
puma (4.3.0) lib/puma/server.rb:328:in `block in run'
puma (4.3.0) lib/puma/thread_pool.rb:134:in `block in spawn_thread'
Started GET "/readings" for 127.0.0.1 at 2019-12-04 18:08:03 -0300
  
ActionController::RoutingError (No route matches [GET] "/readings"):
  
actionpack (6.0.1) lib/action_dispatch/middleware/debug_exceptions.rb:36:in `call'
web-console (4.0.1) lib/web_console/middleware.rb:132:in `call_app'
web-console (4.0.1) lib/web_console/middleware.rb:28:in `block in call'
web-console (4.0.1) lib/web_console/middleware.rb:17:in `catch'
web-console (4.0.1) lib/web_console/middleware.rb:17:in `call'
actionpack (6.0.1) lib/action_dispatch/middleware/show_exceptions.rb:33:in `call'
railties (6.0.1) lib/rails/rack/logger.rb:38:in `call_app'
railties (6.0.1) lib/rails/rack/logger.rb:26:in `block in call'
activesupport (6.0.1) lib/active_support/tagged_logging.rb:80:in `block in tagged'
activesupport (6.0.1) lib/active_support/tagged_logging.rb:28:in `tagged'
activesupport (6.0.1) lib/active_support/tagged_logging.rb:80:in `tagged'
railties (6.0.1) lib/rails/rack/logger.rb:26:in `call'
sprockets-rails (3.2.1) lib/sprockets/rails/quiet_assets.rb:13:in `call'
actionpack (6.0.1) lib/action_dispatch/middleware/remote_ip.rb:81:in `call'
actionpack (6.0.1) lib/action_dispatch/middleware/request_id.rb:27:in `call'
rack (2.0.7) lib/rack/method_override.rb:22:in `call'
rack (2.0.7) lib/rack/runtime.rb:22:in `call'
activesupport (6.0.1) lib/active_support/cache/strategy/local_cache_middleware.rb:29:in `call'
actionpack (6.0.1) lib/action_dispatch/middleware/executor.rb:14:in `call'
actionpack (6.0.1) lib/action_dispatch/middleware/static.rb:126:in `call'
rack (2.0.7) lib/rack/sendfile.rb:111:in `call'
actionpack (6.0.1) lib/action_dispatch/middleware/host_authorization.rb:83:in `call'
webpacker (4.2.0) lib/webpacker/dev_server_proxy.rb:23:in `perform_request'
rack-proxy (0.6.5) lib/rack/proxy.rb:57:in `call'
railties (6.0.1) lib/rails/engine.rb:526:in `call'
puma (4.3.0) lib/puma/configuration.rb:228:in `call'
puma (4.3.0) lib/puma/server.rb:667:in `handle_request'
puma (4.3.0) lib/puma/server.rb:470:in `process_client'
puma (4.3.0) lib/puma/server.rb:328:in `block in run'
puma (4.3.0) lib/puma/thread_pool.rb:134:in `block in spawn_thread'
Started GET "/" for 127.0.0.1 at 2019-12-04 18:08:05 -0300
Processing by FromArduinosController#index as HTML
  Rendering from_arduinos/index.html.erb within layouts/application
  [1m[36mFromArduino Load (0.3ms)[0m  [1m[34mSELECT "from_arduinos".* FROM "from_arduinos"[0m
  ↳ app/views/from_arduinos/index.html.erb:14
  Rendered from_arduinos/index.html.erb within layouts/application (Duration: 3.2ms | Allocations: 925)
[Webpacker] Everything's up-to-date. Nothing to do
Completed 200 OK in 10ms (Views: 6.6ms | ActiveRecord: 1.5ms | Allocations: 5377)


Started GET "/" for 127.0.0.1 at 2019-12-04 18:34:15 -0300
Processing by FromArduinosController#index as HTML
  Rendering from_arduinos/index.html.erb within layouts/application
  [1m[36mFromArduino Load (4.8ms)[0m  [1m[34mSELECT "from_arduinos".* FROM "from_arduinos"[0m
  ↳ app/views/from_arduinos/index.html.erb:14
  Rendered from_arduinos/index.html.erb within layouts/application (Duration: 8.2ms | Allocations: 737)
[Webpacker] Everything's up-to-date. Nothing to do
Completed 200 OK in 25ms (Views: 18.6ms | ActiveRecord: 4.8ms | Allocations: 4549)


Started GET "/to_arduinos" for 127.0.0.1 at 2019-12-04 19:14:10 -0300
Processing by ToArduinosController#index as HTML
  Rendering to_arduinos/index.html.erb within layouts/application
  [1m[36mToArduino Load (0.4ms)[0m  [1m[34mSELECT "to_arduinos".* FROM "to_arduinos"[0m
  ↳ app/views/to_arduinos/index.html.erb:14
  Rendered to_arduinos/index.html.erb within layouts/application (Duration: 39.8ms | Allocations: 1074)
[Webpacker] Everything's up-to-date. Nothing to do
Completed 200 OK in 65ms (Views: 26.8ms | ActiveRecord: 37.0ms | Allocations: 5471)


  [1m[36mToArduino Load (0.3ms)[0m  [1m[34mSELECT "to_arduinos".* FROM "to_arduinos" LIMIT $1[0m  [["LIMIT", 11]]
Started GET "/to_arduinos/new" for 127.0.0.1 at 2019-12-04 19:15:44 -0300
Processing by ToArduinosController#new as HTML
  Rendering to_arduinos/new.html.erb within layouts/application
  Rendered to_arduinos/_form.html.erb (Duration: 8.7ms | Allocations: 6804)
  Rendered to_arduinos/new.html.erb within layouts/application (Duration: 9.8ms | Allocations: 7172)
[Webpacker] Everything's up-to-date. Nothing to do
Completed 200 OK in 23ms (Views: 14.2ms | ActiveRecord: 4.0ms | Allocations: 13676)


Started POST "/to_arduinos" for 127.0.0.1 at 2019-12-04 19:15:47 -0300
Processing by ToArduinosController#create as HTML
  Parameters: {"authenticity_token"=>"x/AO5ccOqv9TblXIcWUagi457RRcw8O4QI0nuOC7TdVJ1OoqJgMhFjjkVa1KRn6lm4xC6FRQnKGRcJaKLQzW1Q==", "to_arduino"=>{"value"=>"primero"}, "commit"=>"Create To arduino"}
  [1m[35m (0.3ms)[0m  [1m[35mBEGIN[0m
  ↳ app/controllers/to_arduinos_controller.rb:32:in `block in create'
  [1m[36mToArduino Create (1.2ms)[0m  [1m[32mINSERT INTO "to_arduinos" ("value", "created_at", "updated_at") VALUES ($1, $2, $3) RETURNING "id"[0m  [["value", "primero"], ["created_at", "2019-12-04 22:15:47.512323"], ["updated_at", "2019-12-04 22:15:47.512323"]]
  ↳ app/controllers/to_arduinos_controller.rb:32:in `block in create'
  [1m[35m (84.5ms)[0m  [1m[35mCOMMIT[0m
  ↳ app/controllers/to_arduinos_controller.rb:32:in `block in create'
Redirected to http://localhost:3000/to_arduinos/1
Completed 302 Found in 96ms (ActiveRecord: 86.1ms | Allocations: 2909)


Started GET "/to_arduinos/1" for 127.0.0.1 at 2019-12-04 19:15:47 -0300
Processing by ToArduinosController#show as HTML
  Parameters: {"id"=>"1"}
  [1m[36mToArduino Load (0.5ms)[0m  [1m[34mSELECT "to_arduinos".* FROM "to_arduinos" WHERE "to_arduinos"."id" = $1 LIMIT $2[0m  [["id", 1], ["LIMIT", 1]]
  ↳ app/controllers/to_arduinos_controller.rb:69:in `set_to_arduino'
  Rendering to_arduinos/show.html.erb within layouts/application
  Rendered to_arduinos/show.html.erb within layouts/application (Duration: 1.1ms | Allocations: 263)
[Webpacker] Everything's up-to-date. Nothing to do
Completed 200 OK in 18ms (Views: 10.6ms | ActiveRecord: 0.9ms | Allocations: 5508)


  [1m[36mToArduino Load (0.9ms)[0m  [1m[34mSELECT "to_arduinos".* FROM "to_arduinos" LIMIT $1[0m  [["LIMIT", 11]]
  [1m[36mToArduino Load (0.9ms)[0m  [1m[34mSELECT "to_arduinos".* FROM "to_arduinos" LIMIT $1[0m  [["LIMIT", 11]]
  [1m[36mToArduino Load (0.8ms)[0m  [1m[34mSELECT "to_arduinos".* FROM "to_arduinos" LIMIT $1[0m  [["LIMIT", 11]]
  [1m[36mToArduino Load (0.9ms)[0m  [1m[34mSELECT "to_arduinos".* FROM "to_arduinos"[0m
Started GET "/to_arduinos" for 127.0.0.1 at 2019-12-04 19:23:38 -0300
Processing by ToArduinosController#index as HTML
  Rendering to_arduinos/index.html.erb within layouts/application
  [1m[36mToArduino Load (0.4ms)[0m  [1m[34mSELECT "to_arduinos".* FROM "to_arduinos"[0m
  ↳ app/views/to_arduinos/index.html.erb:14
  Rendered to_arduinos/index.html.erb within layouts/application (Duration: 4.5ms | Allocations: 3467)
[Webpacker] Everything's up-to-date. Nothing to do
Completed 200 OK in 11ms (Views: 9.4ms | ActiveRecord: 0.4ms | Allocations: 7862)


Started GET "/to_arduinos/new" for 127.0.0.1 at 2019-12-04 19:23:39 -0300
Processing by ToArduinosController#new as HTML
  Rendering to_arduinos/new.html.erb within layouts/application
  Rendered to_arduinos/_form.html.erb (Duration: 3.4ms | Allocations: 575)
  Rendered to_arduinos/new.html.erb within layouts/application (Duration: 4.3ms | Allocations: 673)
[Webpacker] Everything's up-to-date. Nothing to do
Completed 200 OK in 15ms (Views: 13.5ms | ActiveRecord: 0.0ms | Allocations: 4489)


Started POST "/to_arduinos" for 127.0.0.1 at 2019-12-04 19:23:43 -0300
Processing by ToArduinosController#create as HTML
  Parameters: {"authenticity_token"=>"Ri59Zi8BzgcnTJ1B1y3F4X8IJcLbrSHxOM2K04CC/XfICpmpzgxF7kzGnSTsDqHGyr2KPtM+fujpMDvhTTVmdw==", "to_arduino"=>{"value"=>"segund"}, "commit"=>"Create To arduino"}
  [1m[36mToArduino Load (0.3ms)[0m  [1m[34mSELECT "to_arduinos".* FROM "to_arduinos"[0m
  ↳ app/controllers/to_arduinos_controller.rb:29:in `create'
  [1m[35m (0.2ms)[0m  [1m[35mBEGIN[0m
  ↳ app/controllers/to_arduinos_controller.rb:30:in `block in create'
  [1m[36mToArduino Destroy (0.5ms)[0m  [1m[31mDELETE FROM "to_arduinos" WHERE "to_arduinos"."id" = $1[0m  [["id", 1]]
  ↳ app/controllers/to_arduinos_controller.rb:30:in `block in create'
  [1m[35m (15.8ms)[0m  [1m[35mCOMMIT[0m
  ↳ app/controllers/to_arduinos_controller.rb:30:in `block in create'
  [1m[35m (0.2ms)[0m  [1m[35mBEGIN[0m
  ↳ app/controllers/to_arduinos_controller.rb:35:in `block in create'
  [1m[36mToArduino Create (0.7ms)[0m  [1m[32mINSERT INTO "to_arduinos" ("value", "created_at", "updated_at") VALUES ($1, $2, $3) RETURNING "id"[0m  [["value", "segund"], ["created_at", "2019-12-04 22:23:43.221375"], ["updated_at", "2019-12-04 22:23:43.221375"]]
  ↳ app/controllers/to_arduinos_controller.rb:35:in `block in create'
  [1m[35m (16.8ms)[0m  [1m[35mCOMMIT[0m
  ↳ app/controllers/to_arduinos_controller.rb:35:in `block in create'
Redirected to http://localhost:3000/to_arduinos/2
Completed 302 Found in 48ms (ActiveRecord: 34.5ms | Allocations: 5010)


Started GET "/to_arduinos/2" for 127.0.0.1 at 2019-12-04 19:23:43 -0300
Processing by ToArduinosController#show as HTML
  Parameters: {"id"=>"2"}
  [1m[36mToArduino Load (0.4ms)[0m  [1m[34mSELECT "to_arduinos".* FROM "to_arduinos" WHERE "to_arduinos"."id" = $1 LIMIT $2[0m  [["id", 2], ["LIMIT", 1]]
  ↳ app/controllers/to_arduinos_controller.rb:72:in `set_to_arduino'
  Rendering to_arduinos/show.html.erb within layouts/application
  Rendered to_arduinos/show.html.erb within layouts/application (Duration: 0.3ms | Allocations: 96)
[Webpacker] Everything's up-to-date. Nothing to do
Completed 200 OK in 16ms (Views: 11.8ms | ActiveRecord: 0.7ms | Allocations: 4594)


Started GET "/to_arduinos" for 127.0.0.1 at 2019-12-04 19:23:44 -0300
Processing by ToArduinosController#index as HTML
  Rendering to_arduinos/index.html.erb within layouts/application
  [1m[36mToArduino Load (0.5ms)[0m  [1m[34mSELECT "to_arduinos".* FROM "to_arduinos"[0m
  ↳ app/views/to_arduinos/index.html.erb:14
  Rendered to_arduinos/index.html.erb within layouts/application (Duration: 4.5ms | Allocations: 785)
[Webpacker] Everything's up-to-date. Nothing to do
Completed 200 OK in 14ms (Views: 11.3ms | ActiveRecord: 0.5ms | Allocations: 4591)


Started GET "/to_arduinos/new" for 127.0.0.1 at 2019-12-04 19:23:54 -0300
Processing by ToArduinosController#new as HTML
  Rendering to_arduinos/new.html.erb within layouts/application
  Rendered to_arduinos/_form.html.erb (Duration: 1.1ms | Allocations: 667)
  Rendered to_arduinos/new.html.erb within layouts/application (Duration: 1.4ms | Allocations: 766)
[Webpacker] Everything's up-to-date. Nothing to do
Completed 200 OK in 16ms (Views: 7.4ms | ActiveRecord: 4.0ms | Allocations: 7896)


Started POST "/to_arduinos" for 127.0.0.1 at 2019-12-04 19:23:57 -0300
Processing by ToArduinosController#create as HTML
  Parameters: {"authenticity_token"=>"yhX8QH3JO8lOzcAXB56GBqFh/sRrZkXovTHXYBnU/RxEMRiPnMSwICVHwHI8veIhFNRROGP1GvFszGZS1GNmHA==", "to_arduino"=>{"value"=>"orfjoregeog"}, "commit"=>"Create To arduino"}
  [1m[35m (0.5ms)[0m  [1m[35mBEGIN[0m
  ↳ app/controllers/to_arduinos_controller.rb:35:in `block in create'
  [1m[36mToArduino Create (0.8ms)[0m  [1m[32mINSERT INTO "to_arduinos" ("value", "created_at", "updated_at") VALUES ($1, $2, $3) RETURNING "id"[0m  [["value", "orfjoregeog"], ["created_at", "2019-12-04 22:23:57.152532"], ["updated_at", "2019-12-04 22:23:57.152532"]]
  ↳ app/controllers/to_arduinos_controller.rb:35:in `block in create'
  [1m[35m (21.0ms)[0m  [1m[35mCOMMIT[0m
  ↳ app/controllers/to_arduinos_controller.rb:35:in `block in create'
Redirected to http://localhost:3000/to_arduinos/3
Completed 302 Found in 32ms (ActiveRecord: 22.4ms | Allocations: 2731)


Started GET "/to_arduinos/3" for 127.0.0.1 at 2019-12-04 19:23:57 -0300
Processing by ToArduinosController#show as HTML
  Parameters: {"id"=>"3"}
  [1m[36mToArduino Load (0.4ms)[0m  [1m[34mSELECT "to_arduinos".* FROM "to_arduinos" WHERE "to_arduinos"."id" = $1 LIMIT $2[0m  [["id", 3], ["LIMIT", 1]]
  ↳ app/controllers/to_arduinos_controller.rb:72:in `set_to_arduino'
  Rendering to_arduinos/show.html.erb within layouts/application
  Rendered to_arduinos/show.html.erb within layouts/application (Duration: 0.3ms | Allocations: 99)
[Webpacker] Everything's up-to-date. Nothing to do
Completed 200 OK in 9ms (Views: 6.6ms | ActiveRecord: 0.4ms | Allocations: 4587)


Started GET "/to_arduinos" for 127.0.0.1 at 2019-12-04 19:23:58 -0300
Processing by ToArduinosController#index as HTML
  Rendering to_arduinos/index.html.erb within layouts/application
  [1m[36mToArduino Load (0.6ms)[0m  [1m[34mSELECT "to_arduinos".* FROM "to_arduinos"[0m
  ↳ app/views/to_arduinos/index.html.erb:14
  Rendered to_arduinos/index.html.erb within layouts/application (Duration: 4.4ms | Allocations: 915)
[Webpacker] Everything's up-to-date. Nothing to do
Completed 200 OK in 13ms (Views: 10.8ms | ActiveRecord: 0.6ms | Allocations: 4726)


Started GET "/to_arduinos/new" for 127.0.0.1 at 2019-12-04 19:23:59 -0300
Processing by ToArduinosController#new as HTML
  Rendering to_arduinos/new.html.erb within layouts/application
  Rendered to_arduinos/_form.html.erb (Duration: 2.1ms | Allocations: 571)
  Rendered to_arduinos/new.html.erb within layouts/application (Duration: 2.6ms | Allocations: 669)
[Webpacker] Everything's up-to-date. Nothing to do
Completed 200 OK in 14ms (Views: 12.3ms | ActiveRecord: 0.0ms | Allocations: 4489)


Started POST "/to_arduinos" for 127.0.0.1 at 2019-12-04 19:24:00 -0300
Processing by ToArduinosController#create as HTML
  Parameters: {"authenticity_token"=>"oZu4zFiSoPPZwG8rGo0H5kAaoV7OscWx9dGWDb2lq3wvv1wDuZ8rGrJKb04hrmPB9a8OosYimqgkLCc/cBIwfA==", "to_arduino"=>{"value"=>"rgerger"}, "commit"=>"Create To arduino"}
  [1m[35m (0.2ms)[0m  [1m[35mBEGIN[0m
  ↳ app/controllers/to_arduinos_controller.rb:35:in `block in create'
  [1m[36mToArduino Create (0.4ms)[0m  [1m[32mINSERT INTO "to_arduinos" ("value", "created_at", "updated_at") VALUES ($1, $2, $3) RETURNING "id"[0m  [["value", "rgerger"], ["created_at", "2019-12-04 22:24:00.724776"], ["updated_at", "2019-12-04 22:24:00.724776"]]
  ↳ app/controllers/to_arduinos_controller.rb:35:in `block in create'
  [1m[35m (17.0ms)[0m  [1m[35mCOMMIT[0m
  ↳ app/controllers/to_arduinos_controller.rb:35:in `block in create'
Redirected to http://localhost:3000/to_arduinos/4
Completed 302 Found in 24ms (ActiveRecord: 17.7ms | Allocations: 2654)


Started GET "/to_arduinos/4" for 127.0.0.1 at 2019-12-04 19:24:00 -0300
Processing by ToArduinosController#show as HTML
  Parameters: {"id"=>"4"}
  [1m[36mToArduino Load (0.4ms)[0m  [1m[34mSELECT "to_arduinos".* FROM "to_arduinos" WHERE "to_arduinos"."id" = $1 LIMIT $2[0m  [["id", 4], ["LIMIT", 1]]
  ↳ app/controllers/to_arduinos_controller.rb:72:in `set_to_arduino'
  Rendering to_arduinos/show.html.erb within layouts/application
  Rendered to_arduinos/show.html.erb within layouts/application (Duration: 0.3ms | Allocations: 96)
[Webpacker] Everything's up-to-date. Nothing to do
Completed 200 OK in 10ms (Views: 6.8ms | ActiveRecord: 0.4ms | Allocations: 4461)


Started GET "/to_arduinos" for 127.0.0.1 at 2019-12-04 19:24:01 -0300
Processing by ToArduinosController#index as HTML
  Rendering to_arduinos/index.html.erb within layouts/application
  [1m[36mToArduino Load (0.6ms)[0m  [1m[34mSELECT "to_arduinos".* FROM "to_arduinos"[0m
  ↳ app/views/to_arduinos/index.html.erb:14
  Rendered to_arduinos/index.html.erb within layouts/application (Duration: 4.2ms | Allocations: 1041)
[Webpacker] Everything's up-to-date. Nothing to do
Completed 200 OK in 12ms (Views: 10.3ms | ActiveRecord: 0.6ms | Allocations: 4854)


Started GET "/to_arduinos/new" for 127.0.0.1 at 2019-12-04 19:24:02 -0300
Processing by ToArduinosController#new as HTML
  Rendering to_arduinos/new.html.erb within layouts/application
  Rendered to_arduinos/_form.html.erb (Duration: 1.6ms | Allocations: 571)
  Rendered to_arduinos/new.html.erb within layouts/application (Duration: 2.0ms | Allocations: 669)
[Webpacker] Everything's up-to-date. Nothing to do
Completed 200 OK in 9ms (Views: 7.8ms | ActiveRecord: 0.0ms | Allocations: 4486)


Started POST "/to_arduinos" for 127.0.0.1 at 2019-12-04 19:24:05 -0300
Processing by ToArduinosController#create as HTML
  Parameters: {"authenticity_token"=>"JbjgJkeb3CkLT94hEq4liCgbi9O6yqSlrgrtFYlmrt2rnATpppZXwGDF3kQpjUGvna4kL7JZ+7x/91wnRNE13Q==", "to_arduino"=>{"value"=>"MAS"}, "commit"=>"Create To arduino"}
  [1m[35m (0.4ms)[0m  [1m[35mBEGIN[0m
  ↳ app/controllers/to_arduinos_controller.rb:35:in `block in create'
  [1m[36mToArduino Create (0.6ms)[0m  [1m[32mINSERT INTO "to_arduinos" ("value", "created_at", "updated_at") VALUES ($1, $2, $3) RETURNING "id"[0m  [["value", "MAS"], ["created_at", "2019-12-04 22:24:05.416821"], ["updated_at", "2019-12-04 22:24:05.416821"]]
  ↳ app/controllers/to_arduinos_controller.rb:35:in `block in create'
  [1m[35m (22.4ms)[0m  [1m[35mCOMMIT[0m
  ↳ app/controllers/to_arduinos_controller.rb:35:in `block in create'
Redirected to http://localhost:3000/to_arduinos/5
Completed 302 Found in 33ms (ActiveRecord: 23.4ms | Allocations: 2662)


Started GET "/to_arduinos/5" for 127.0.0.1 at 2019-12-04 19:24:05 -0300
Processing by ToArduinosController#show as HTML
  Parameters: {"id"=>"5"}
  [1m[36mToArduino Load (0.4ms)[0m  [1m[34mSELECT "to_arduinos".* FROM "to_arduinos" WHERE "to_arduinos"."id" = $1 LIMIT $2[0m  [["id", 5], ["LIMIT", 1]]
  ↳ app/controllers/to_arduinos_controller.rb:72:in `set_to_arduino'
  Rendering to_arduinos/show.html.erb within layouts/application
  Rendered to_arduinos/show.html.erb within layouts/application (Duration: 0.3ms | Allocations: 96)
[Webpacker] Everything's up-to-date. Nothing to do
Completed 200 OK in 8ms (Views: 5.8ms | ActiveRecord: 0.4ms | Allocations: 4462)


Started GET "/to_arduinos" for 127.0.0.1 at 2019-12-04 19:24:06 -0300
Processing by ToArduinosController#index as HTML
  Rendering to_arduinos/index.html.erb within layouts/application
  [1m[36mToArduino Load (0.3ms)[0m  [1m[34mSELECT "to_arduinos".* FROM "to_arduinos"[0m
  ↳ app/views/to_arduinos/index.html.erb:14
  Rendered to_arduinos/index.html.erb within layouts/application (Duration: 1.8ms | Allocations: 1164)
[Webpacker] Everything's up-to-date. Nothing to do
Completed 200 OK in 6ms (Views: 5.1ms | ActiveRecord: 0.3ms | Allocations: 4985)


Started GET "/to_arduinos/new" for 127.0.0.1 at 2019-12-04 19:24:16 -0300
Processing by ToArduinosController#new as HTML
  Rendering to_arduinos/new.html.erb within layouts/application
  Rendered to_arduinos/_form.html.erb (Duration: 1.4ms | Allocations: 667)
  Rendered to_arduinos/new.html.erb within layouts/application (Duration: 1.7ms | Allocations: 766)
[Webpacker] Everything's up-to-date. Nothing to do
Completed 200 OK in 15ms (Views: 6.9ms | ActiveRecord: 2.8ms | Allocations: 7839)


Started POST "/to_arduinos" for 127.0.0.1 at 2019-12-04 19:24:19 -0300
Processing by ToArduinosController#create as HTML
  Parameters: {"authenticity_token"=>"npWUfYUIZhCj1OGBFLHmtSt6G/ecUr7YhDQwwRT/pMgQsXCyZAXt+che4eQvkoKSns+0C5TB4cFVyYHz2Ug/yA==", "to_arduino"=>{"value"=>"nuevo"}, "commit"=>"Create To arduino"}
  [1m[36mToArduino Load (0.5ms)[0m  [1m[34mSELECT "to_arduinos".* FROM "to_arduinos"[0m
  ↳ app/controllers/to_arduinos_controller.rb:29:in `create'
  [1m[35m (0.3ms)[0m  [1m[35mBEGIN[0m
  ↳ app/controllers/to_arduinos_controller.rb:30:in `block in create'
  [1m[36mToArduino Destroy (0.4ms)[0m  [1m[31mDELETE FROM "to_arduinos" WHERE "to_arduinos"."id" = $1[0m  [["id", 2]]
  ↳ app/controllers/to_arduinos_controller.rb:30:in `block in create'
  [1m[35m (16.3ms)[0m  [1m[35mCOMMIT[0m
  ↳ app/controllers/to_arduinos_controller.rb:30:in `block in create'
  [1m[35m (0.2ms)[0m  [1m[35mBEGIN[0m
  ↳ app/controllers/to_arduinos_controller.rb:30:in `block in create'
  [1m[36mToArduino Destroy (0.4ms)[0m  [1m[31mDELETE FROM "to_arduinos" WHERE "to_arduinos"."id" = $1[0m  [["id", 3]]
  ↳ app/controllers/to_arduinos_controller.rb:30:in `block in create'
  [1m[35m (18.5ms)[0m  [1m[35mCOMMIT[0m
  ↳ app/controllers/to_arduinos_controller.rb:30:in `block in create'
  [1m[35m (0.3ms)[0m  [1m[35mBEGIN[0m
  ↳ app/controllers/to_arduinos_controller.rb:30:in `block in create'
  [1m[36mToArduino Destroy (0.4ms)[0m  [1m[31mDELETE FROM "to_arduinos" WHERE "to_arduinos"."id" = $1[0m  [["id", 4]]
  ↳ app/controllers/to_arduinos_controller.rb:30:in `block in create'
  [1m[35m (19.4ms)[0m  [1m[35mCOMMIT[0m
  ↳ app/controllers/to_arduinos_controller.rb:30:in `block in create'
  [1m[35m (0.2ms)[0m  [1m[35mBEGIN[0m
  ↳ app/controllers/to_arduinos_controller.rb:30:in `block in create'
  [1m[36mToArduino Destroy (0.3ms)[0m  [1m[31mDELETE FROM "to_arduinos" WHERE "to_arduinos"."id" = $1[0m  [["id", 5]]
  ↳ app/controllers/to_arduinos_controller.rb:30:in `block in create'
  [1m[35m (8.2ms)[0m  [1m[35mCOMMIT[0m
  ↳ app/controllers/to_arduinos_controller.rb:30:in `block in create'
  [1m[35m (0.5ms)[0m  [1m[35mBEGIN[0m
  ↳ app/controllers/to_arduinos_controller.rb:35:in `block in create'
  [1m[36mToArduino Create (1.2ms)[0m  [1m[32mINSERT INTO "to_arduinos" ("value", "created_at", "updated_at") VALUES ($1, $2, $3) RETURNING "id"[0m  [["value", "nuevo"], ["created_at", "2019-12-04 22:24:19.672412"], ["updated_at", "2019-12-04 22:24:19.672412"]]
  ↳ app/controllers/to_arduinos_controller.rb:35:in `block in create'
  [1m[35m (10.3ms)[0m  [1m[35mCOMMIT[0m
  ↳ app/controllers/to_arduinos_controller.rb:35:in `block in create'
Redirected to http://localhost:3000/to_arduinos/6
Completed 302 Found in 105ms (ActiveRecord: 77.3ms | Allocations: 10221)


Started GET "/to_arduinos/6" for 127.0.0.1 at 2019-12-04 19:24:19 -0300
Processing by ToArduinosController#show as HTML
  Parameters: {"id"=>"6"}
  [1m[36mToArduino Load (0.3ms)[0m  [1m[34mSELECT "to_arduinos".* FROM "to_arduinos" WHERE "to_arduinos"."id" = $1 LIMIT $2[0m  [["id", 6], ["LIMIT", 1]]
  ↳ app/controllers/to_arduinos_controller.rb:72:in `set_to_arduino'
  Rendering to_arduinos/show.html.erb within layouts/application
  Rendered to_arduinos/show.html.erb within layouts/application (Duration: 0.3ms | Allocations: 99)
[Webpacker] Everything's up-to-date. Nothing to do
Completed 200 OK in 7ms (Views: 4.9ms | ActiveRecord: 0.3ms | Allocations: 4575)


Started GET "/to_arduinos" for 127.0.0.1 at 2019-12-04 19:24:20 -0300
Processing by ToArduinosController#index as HTML
  Rendering to_arduinos/index.html.erb within layouts/application
  [1m[36mToArduino Load (0.6ms)[0m  [1m[34mSELECT "to_arduinos".* FROM "to_arduinos"[0m
  ↳ app/views/to_arduinos/index.html.erb:14
  Rendered to_arduinos/index.html.erb within layouts/application (Duration: 3.0ms | Allocations: 789)
[Webpacker] Everything's up-to-date. Nothing to do
Completed 200 OK in 12ms (Views: 9.8ms | ActiveRecord: 0.6ms | Allocations: 4599)


